2018-11-07 09:59:06,201 [main] DEBUG org.jboss.logging - Logging Provider: org.jboss.logging.Slf4jLoggerProvider 
2018-11-07 09:59:06,195 [main] DEBUG org.jboss.logging - Logging Provider: org.jboss.logging.Slf4jLoggerProvider 
2018-11-07 09:59:16,540 [main] INFO  flex-webapp.env - 
-=[flex-webapp started successfully using the development profile]=- 
2018-11-07 09:59:17,093 [main] INFO  luminus.http-server - starting HTTP server on port 3000 
2018-11-07 09:59:17,433 [main] DEBUG io.undertow - starting undertow server io.undertow.Undertow@65b4d3f0 
2018-11-07 09:59:17,488 [main] INFO  org.xnio - XNIO version 3.3.6.Final 
2018-11-07 09:59:18,304 [main] DEBUG io.undertow - Configuring listener with protocol HTTP for interface 0.0.0.0 and port 3000 
2018-11-07 09:59:18,506 [main] INFO  org.projectodd.wunderboss.web.Web - Registered web context / 
2018-11-07 09:59:18,509 [main] INFO  flex-webapp.nrepl - starting nREPL server on port 7000 
2018-11-07 09:59:18,566 [main] INFO  flex-webapp.core - #'flex-webapp.config/env started 
2018-11-07 09:59:18,567 [main] INFO  flex-webapp.core - #'flex-webapp.handler/init-app started 
2018-11-07 09:59:18,568 [main] INFO  flex-webapp.core - #'flex-webapp.handler/app started 
2018-11-07 09:59:18,568 [main] INFO  flex-webapp.core - #'flex-webapp.core/http-server started 
2018-11-07 09:59:18,568 [main] INFO  flex-webapp.core - #'flex-webapp.core/repl-server started 
2018-11-07 11:06:26,769 [XNIO-1 task-5] INFO  flex-webapp.api.v1.display - >>> PARAM >>>>> {:str1 "erterterttertert", :str2 "dfgdfgdfg"} 
2018-11-07 11:07:56,154 [XNIO-1 task-1] INFO  flex-webapp.api.v1.display - >>> PARAM >>>>> {:str1 "ertertoertcteirtxertefdmsfdfs", :str2 "mexico"} 
2018-11-07 11:09:08,897 [XNIO-1 task-15] INFO  flex-webapp.api.v1.display - >>> PARAM >>>>> {:str1 "345345", :str2 "345345"} 
2018-11-07 11:09:10,958 [XNIO-1 task-5] INFO  flex-webapp.api.v1.display - >>> PARAM >>>>> {:str1 "345345", :str2 "345345"} 
2018-11-07 11:09:13,284 [XNIO-1 task-29] INFO  flex-webapp.api.v1.display - >>> PARAM >>>>> {:str1 "345345", :str2 "345345"} 
2018-11-07 11:09:30,712 [XNIO-1 task-19] INFO  flex-webapp.api.v1.display - >>> PARAM >>>>> {:str1 "345345", :str2 "345345"} 
